<?xml version="1.0" encoding="UTF-8"?>
<testsuite name="com.ydsworld.DatedemoApplicationTests" tests="1" skipped="0" failures="0" errors="0" timestamp="2015-07-12T00:34:22" hostname="MacBook-Pro.local" time="0.002">
  <properties/>
  <testcase name="contextLoads" classname="com.ydsworld.DatedemoApplicationTests" time="0.002"/>
  <system-out><![CDATA[19:34:19.793 [Test worker] DEBUG o.s.t.c.j.SpringJUnit4ClassRunner - SpringJUnit4ClassRunner constructor called with [class com.ydsworld.DatedemoApplicationTests].
19:34:19.842 [Test worker] DEBUG o.s.test.context.BootstrapUtils - Instantiating TestContextBootstrapper from class [org.springframework.test.context.support.DefaultTestContextBootstrapper]
19:34:19.871 [Test worker] DEBUG o.s.t.c.s.DefaultTestContextBootstrapper - Found explicit ContextLoader class [org.springframework.boot.test.SpringApplicationContextLoader] for context configuration attributes [ContextConfigurationAttributes@5dac767c declaringClass = 'com.ydsworld.DatedemoApplicationTests', classes = '{class com.ydsworld.DatedemoApplication}', locations = '{}', inheritLocations = true, initializers = '{}', inheritInitializers = true, name = [null], contextLoaderClass = 'org.springframework.boot.test.SpringApplicationContextLoader']
19:34:19.890 [Test worker] DEBUG o.s.t.c.support.ActiveProfilesUtils - Could not find an 'annotation declaring class' for annotation type [org.springframework.test.context.ActiveProfiles] and class [com.ydsworld.DatedemoApplicationTests]
19:34:19.899 [Test worker] DEBUG o.s.t.c.s.DefaultTestContextBootstrapper - @TestExecutionListeners is not present for class [com.ydsworld.DatedemoApplicationTests]: using defaults.
19:34:19.927 [Test worker] INFO  o.s.t.c.s.DefaultTestContextBootstrapper - Loaded default TestExecutionListener class names from location [META-INF/spring.factories]: [org.springframework.test.context.web.ServletTestExecutionListener, org.springframework.test.context.support.DependencyInjectionTestExecutionListener, org.springframework.test.context.support.DirtiesContextTestExecutionListener, org.springframework.test.context.transaction.TransactionalTestExecutionListener, org.springframework.test.context.jdbc.SqlScriptsTestExecutionListener]
19:34:19.972 [Test worker] INFO  o.s.t.c.s.DefaultTestContextBootstrapper - Could not instantiate TestExecutionListener [org.springframework.test.context.transaction.TransactionalTestExecutionListener]. Specify custom listener classes or make the default listener classes (and their required dependencies) available. Offending class: [org/springframework/transaction/interceptor/TransactionAttributeSource]
19:34:19.977 [Test worker] INFO  o.s.t.c.s.DefaultTestContextBootstrapper - Could not instantiate TestExecutionListener [org.springframework.test.context.jdbc.SqlScriptsTestExecutionListener]. Specify custom listener classes or make the default listener classes (and their required dependencies) available. Offending class: [org/springframework/transaction/interceptor/TransactionAttribute]
19:34:19.991 [Test worker] INFO  o.s.t.c.s.DefaultTestContextBootstrapper - Using TestExecutionListeners: [org.springframework.test.context.web.ServletTestExecutionListener@1168632b, org.springframework.test.context.support.DependencyInjectionTestExecutionListener@5c46a4fa, org.springframework.test.context.support.DirtiesContextTestExecutionListener@21f9486a]
19:34:19.998 [Test worker] DEBUG o.s.t.annotation.ProfileValueUtils - Retrieved @ProfileValueSourceConfiguration [null] for test class [com.ydsworld.DatedemoApplicationTests]
19:34:20.001 [Test worker] DEBUG o.s.t.annotation.ProfileValueUtils - Retrieved ProfileValueSource type [class org.springframework.test.annotation.SystemProfileValueSource] for class [com.ydsworld.DatedemoApplicationTests]
19:34:20.006 [Test worker] DEBUG o.s.t.annotation.ProfileValueUtils - Retrieved @ProfileValueSourceConfiguration [null] for test class [com.ydsworld.DatedemoApplicationTests]
19:34:20.007 [Test worker] DEBUG o.s.t.annotation.ProfileValueUtils - Retrieved ProfileValueSource type [class org.springframework.test.annotation.SystemProfileValueSource] for class [com.ydsworld.DatedemoApplicationTests]
19:34:20.010 [Test worker] DEBUG o.s.t.annotation.ProfileValueUtils - Retrieved @ProfileValueSourceConfiguration [null] for test class [com.ydsworld.DatedemoApplicationTests]
19:34:20.011 [Test worker] DEBUG o.s.t.annotation.ProfileValueUtils - Retrieved ProfileValueSource type [class org.springframework.test.annotation.SystemProfileValueSource] for class [com.ydsworld.DatedemoApplicationTests]
19:34:20.015 [Test worker] DEBUG o.s.t.annotation.ProfileValueUtils - Retrieved @ProfileValueSourceConfiguration [null] for test class [com.ydsworld.DatedemoApplicationTests]
19:34:20.017 [Test worker] DEBUG o.s.t.annotation.ProfileValueUtils - Retrieved ProfileValueSource type [class org.springframework.test.annotation.SystemProfileValueSource] for class [com.ydsworld.DatedemoApplicationTests]
19:34:20.023 [Test worker] DEBUG o.s.t.c.s.DependencyInjectionTestExecutionListener - Performing dependency injection for test context [[DefaultTestContext@5f219c41 testClass = DatedemoApplicationTests, testInstance = com.ydsworld.DatedemoApplicationTests@1799a032, testMethod = [null], testException = [null], mergedContextConfiguration = [MergedContextConfiguration@66e43eb8 testClass = DatedemoApplicationTests, locations = '{}', classes = '{class com.ydsworld.DatedemoApplication}', contextInitializerClasses = '[]', activeProfiles = '{}', propertySourceLocations = '{}', propertySourceProperties = '{}', contextLoader = 'org.springframework.boot.test.SpringApplicationContextLoader', parent = [null]]]].
19:34:20.345 [Test worker] DEBUG o.s.core.env.StandardEnvironment - Adding [systemProperties] PropertySource with lowest search precedence
19:34:20.349 [Test worker] DEBUG o.s.core.env.StandardEnvironment - Adding [systemEnvironment] PropertySource with lowest search precedence
19:34:20.350 [Test worker] DEBUG o.s.core.env.StandardEnvironment - Initialized StandardEnvironment with PropertySources [systemProperties,systemEnvironment]
19:34:20.361 [Test worker] DEBUG o.s.core.env.StandardEnvironment - Adding [integrationTest] PropertySource with search precedence immediately lower than [systemEnvironment]

  .   ____          _            __ _ _
 /\\ / ___'_ __ _ _(_)_ __  __ _ \ \ \ \
( ( )\___ | '_ | '_| | '_ \/ _` | \ \ \ \
 \\/  ___)| |_)| | | | | || (_| |  ) ) ) )
  '  |____| .__|_| |_|_| |_\__, | / / / /
 =========|_|==============|___/=/_/_/_/
 :: Spring Boot ::        (v1.2.4.RELEASE)

2015-07-11 19:34:20.802  INFO 9307 --- [    Test worker] com.ydsworld.DatedemoApplicationTests    : Starting DatedemoApplicationTests on MacBook-Pro.local with PID 9307 (/Users/YDSWorld/workspace/Datedemo/build/classes/test started by YDSWorld in /Users/YDSWorld/workspace/Datedemo)
2015-07-11 19:34:20.846  INFO 9307 --- [    Test worker] s.c.a.AnnotationConfigApplicationContext : Refreshing org.springframework.context.annotation.AnnotationConfigApplicationContext@3e162cd8: startup date [Sat Jul 11 19:34:20 CDT 2015]; root of context hierarchy
2015-07-11 19:34:22.715  INFO 9307 --- [    Test worker] com.ydsworld.DatedemoApplicationTests    : Started DatedemoApplicationTests in 2.35 seconds (JVM running for 4.838)
]]></system-out>
  <system-err><![CDATA[]]></system-err>
</testsuite>
